Release 14.7 Map P.20131013 (lin64)
Xilinx Mapping Report File for Design 'top'

Design Information
------------------
Command Line   : map -intstyle ise -p xc6slx16-csg324-3 -w -logic_opt off -ol
high -t 1 -xt 0 -register_duplication off -r 4 -global_opt off -mt off -ir off
-pr off -lc off -power off -o top_map.ncd top.ngd top.pcf 
Target Device  : xc6slx16
Target Package : csg324
Target Speed   : -3
Mapper Version : spartan6 -- $Revision: 1.55 $
Mapped Date    : Sun Nov  2 13:04:37 2014

Design Summary
--------------
Number of errors:      0
Number of warnings:    1
Slice Logic Utilization:
  Number of Slice Registers:                   173 out of  18,224    1%
    Number used as Flip Flops:                 173
    Number used as Latches:                      0
    Number used as Latch-thrus:                  0
    Number used as AND/OR logics:                0
  Number of Slice LUTs:                        136 out of   9,112    1%
    Number used as logic:                      119 out of   9,112    1%
      Number using O6 output only:              99
      Number using O5 output only:               0
      Number using O5 and O6:                   20
      Number used as ROM:                        0
    Number used as Memory:                       0 out of   2,176    0%
    Number used exclusively as route-thrus:     17
      Number with same-slice register load:     17
      Number with same-slice carry load:         0
      Number with other load:                    0

Slice Logic Distribution:
  Number of occupied Slices:                    68 out of   2,278    2%
  Number of MUXCYs used:                         0 out of   4,556    0%
  Number of LUT Flip Flop pairs used:          177
    Number with an unused Flip Flop:            35 out of     177   19%
    Number with an unused LUT:                  41 out of     177   23%
    Number of fully used LUT-FF pairs:         101 out of     177   57%
    Number of unique control sets:              23
    Number of slice register sites lost
      to control set restrictions:              91 out of  18,224    1%

  A LUT Flip Flop pair for this architecture represents one LUT paired with
  one Flip Flop within a slice.  A control set is a unique combination of
  clock, reset, set, and enable signals for a registered element.
  The Slice Logic Distribution report is not meaningful if the design is
  over-mapped for a non-slice resource or if Placement fails.

IO Utilization:
  Number of bonded IOBs:                        12 out of     232    5%
    Number of LOCed IOBs:                       12 out of      12  100%

Specific Feature Utilization:
  Number of RAMB16BWERs:                         0 out of      32    0%
  Number of RAMB8BWERs:                          2 out of      64    3%
  Number of BUFIO2/BUFIO2_2CLKs:                 0 out of      32    0%
  Number of BUFIO2FB/BUFIO2FB_2CLKs:             0 out of      32    0%
  Number of BUFG/BUFGMUXs:                       1 out of      16    6%
    Number used as BUFGs:                        1
    Number used as BUFGMUX:                      0
  Number of DCM/DCM_CLKGENs:                     0 out of       4    0%
  Number of ILOGIC2/ISERDES2s:                   0 out of     248    0%
  Number of IODELAY2/IODRP2/IODRP2_MCBs:         0 out of     248    0%
  Number of OLOGIC2/OSERDES2s:                   0 out of     248    0%
  Number of BSCANs:                              0 out of       4    0%
  Number of BUFHs:                               0 out of     128    0%
  Number of BUFPLLs:                             0 out of       8    0%
  Number of BUFPLL_MCBs:                         0 out of       4    0%
  Number of DSP48A1s:                            0 out of      32    0%
  Number of ICAPs:                               0 out of       1    0%
  Number of MCBs:                                0 out of       2    0%
  Number of PCILOGICSEs:                         0 out of       2    0%
  Number of PLL_ADVs:                            0 out of       2    0%
  Number of PMVs:                                0 out of       1    0%
  Number of STARTUPs:                            0 out of       1    0%
  Number of SUSPEND_SYNCs:                       0 out of       1    0%

Average Fanout of Non-Clock Nets:                3.29

Peak Memory Usage:  808 MB
Total REAL time to MAP completion:  8 secs 
Total CPU time to MAP completion:   8 secs 

Table of Contents
-----------------
Section 1 - Errors
Section 2 - Warnings
Section 3 - Informational
Section 4 - Removed Logic Summary
Section 5 - Removed Logic
Section 6 - IOB Properties
Section 7 - RPMs
Section 8 - Guide Report
Section 9 - Area Group and Partition Summary
Section 10 - Timing Report
Section 11 - Configuration String Information
Section 12 - Control Set Information
Section 13 - Utilization by Hierarchy

Section 1 - Errors
------------------

Section 2 - Warnings
--------------------
WARNING:PhysDesignRules:2410 - This design is using one or more 9K Block RAMs
   (RAMB8BWER).  9K Block RAM initialization data, both user defined and
   default, may be incorrect and should not be used.  For more information,
   please reference Xilinx Answer Record 39999.

Section 3 - Informational
-------------------------
INFO:LIT:243 - Logical network
   Inst_serial_master_fifo/serial_tx/fifo_inst/U0/xst_fifo_generator/gconvfifo.r
   f/grf.rf/gntv_or_sync_fifo.gl0.wr/gwas.wsts/ram_full_i has no load.
INFO:LIT:395 - The above info message is repeated 1 more times for the following
   (max. 5 shown):
   Inst_serial_master_fifo/serial_rx/fifo_inst/dout<7>
   To see the details of these info messages, please use the -detail switch.
INFO:MapLib:562 - No environment variables are currently set.
INFO:LIT:244 - All of the single ended outputs in this design are using slew
   rate limited output drivers. The delay on speed critical single ended outputs
   can be dramatically reduced by designating them as fast outputs.
INFO:Pack:1716 - Initializing temperature to 85.000 Celsius. (default - Range:
   0.000 to 85.000 Celsius)
INFO:Pack:1720 - Initializing voltage to 1.140 Volts. (default - Range: 1.140 to
   1.260 Volts)
INFO:Map:215 - The Interim Design Summary has been generated in the MAP Report
   (.mrp).
INFO:Pack:1650 - Map created a placed design.

Section 4 - Removed Logic Summary
---------------------------------
   4 block(s) removed
  33 block(s) optimized away
  16 signal(s) removed

Section 5 - Removed Logic
-------------------------

The trimmed logic report below shows the logic removed from your design due to
sourceless or loadless signals, and VCC or ground connections.  If the removal
of a signal or symbol results in the subsequent removal of an additional signal
or symbol, the message explaining that second removal will be indented.  This
indentation will be repeated as a chain of related logic is removed.

To quickly locate the original cause for the removal of a chain of logic, look
above the place where that logic is listed in the trimming report, then locate
the lines that are least indented (begin at the leftmost edge).

The signal
"Inst_serial_master_fifo/serial_tx/fifo_inst/U0/xst_fifo_generator/gconvfifo.rf/
grf.rf/gntv_or_sync_fifo.gl0.wr/gwas.wsts/ram_full_i" is sourceless and has been
removed.
The signal
"Inst_serial_master_fifo/serial_tx/fifo_inst/U0/xst_fifo_generator/gconvfifo.rf/
grf.rf/gntv_or_sync_fifo.gl0.wr/wpntr/gic0.gc0.count[3]_GND_172_o_add_0_OUT<3>"
is sourceless and has been removed.
The signal
"Inst_serial_master_fifo/serial_tx/fifo_inst/U0/xst_fifo_generator/gconvfifo.rf/
grf.rf/gntv_or_sync_fifo.gl0.wr/wpntr/gic0.gc0.count[3]_GND_172_o_add_0_OUT<2>"
is sourceless and has been removed.
The signal
"Inst_serial_master_fifo/serial_tx/fifo_inst/U0/xst_fifo_generator/gconvfifo.rf/
grf.rf/gntv_or_sync_fifo.gl0.wr/wpntr/gic0.gc0.count[3]_GND_172_o_add_0_OUT<1>"
is sourceless and has been removed.
The signal
"Inst_serial_master_fifo/serial_tx/fifo_inst/U0/xst_fifo_generator/gconvfifo.rf/
grf.rf/gntv_or_sync_fifo.gcx.clkx/gsync_stage[1].rd_stg_inst/D<1>" is sourceless
and has been removed.
The signal
"Inst_serial_master_fifo/serial_tx/fifo_inst/U0/xst_fifo_generator/gconvfifo.rf/
grf.rf/gntv_or_sync_fifo.gcx.clkx/gsync_stage[2].rd_stg_inst/D<1>" is sourceless
and has been removed.
The signal
"Inst_serial_master_fifo/serial_tx/fifo_inst/U0/xst_fifo_generator/gconvfifo.rf/
grf.rf/gntv_or_sync_fifo.gcx.clkx/gsync_stage[1].rd_stg_inst/D<2>" is sourceless
and has been removed.
The signal
"Inst_serial_master_fifo/serial_tx/fifo_inst/U0/xst_fifo_generator/gconvfifo.rf/
grf.rf/gntv_or_sync_fifo.gcx.clkx/gsync_stage[2].rd_stg_inst/D<2>" is sourceless
and has been removed.
The signal
"Inst_serial_master_fifo/serial_tx/fifo_inst/U0/xst_fifo_generator/gconvfifo.rf/
grf.rf/gntv_or_sync_fifo.gcx.clkx/gsync_stage[1].rd_stg_inst/D<3>" is sourceless
and has been removed.
The signal
"Inst_serial_master_fifo/serial_tx/fifo_inst/U0/xst_fifo_generator/gconvfifo.rf/
grf.rf/gntv_or_sync_fifo.gcx.clkx/gsync_stage[2].rd_stg_inst/D<3>" is sourceless
and has been removed.
The signal
"Inst_serial_master_fifo/serial_tx/fifo_inst/U0/xst_fifo_generator/gconvfifo.rf/
grf.rf/gntv_or_sync_fifo.gcx.clkx/wr_pntr_gc_asreg_last[3]_reduce_xor_6_o" is
sourceless and has been removed.
The signal
"Inst_serial_master_fifo/serial_tx/fifo_inst/U0/xst_fifo_generator/gconvfifo.rf/
grf.rf/gntv_or_sync_fifo.gcx.clkx/wr_pntr_gc_asreg_last[3]_reduce_xor_7_o" is
sourceless and has been removed.
The signal
"Inst_serial_master_fifo/serial_tx/fifo_inst/U0/xst_fifo_generator/gconvfifo.rf/
grf.rf/gntv_or_sync_fifo.gcx.clkx/WR_PNTR[2]_WR_PNTR[3]_XOR_1_o" is sourceless
and has been removed.
The signal
"Inst_serial_master_fifo/serial_tx/fifo_inst/U0/xst_fifo_generator/gconvfifo.rf/
grf.rf/gntv_or_sync_fifo.gcx.clkx/WR_PNTR[1]_WR_PNTR[2]_XOR_2_o" is sourceless
and has been removed.
The signal
"Inst_serial_master_fifo/serial_tx/fifo_inst/U0/xst_fifo_generator/gconvfifo.rf/
grf.rf/gntv_or_sync_fifo.gl0.wr/gwas.wsts/Mmux_comp1_GND_174_o_MUX_8_o11" is
sourceless and has been removed.
The signal "Inst_serial_master_fifo/serial_rx/fifo_inst/dout<7>" is sourceless
and has been removed.
Unused block
"Inst_serial_master_fifo/serial_tx/fifo_inst/U0/xst_fifo_generator/gconvfifo.rf/
grf.rf/gntv_or_sync_fifo.gl0.wr/gwas.wsts/Mmux_comp1_GND_174_o_MUX_8_o12" (ROM)
removed.
Unused block
"Inst_serial_master_fifo/serial_tx/fifo_inst/U0/xst_fifo_generator/gconvfifo.rf/
grf.rf/gntv_or_sync_fifo.gl0.wr/gwas.wsts/ram_full_i" (FF) removed.
Unused block
"Inst_serial_master_fifo/serial_tx/fifo_inst/U0/xst_fifo_generator/gconvfifo.rf/
grf.rf/gntv_or_sync_fifo.gl0.wr/wpntr/Madd_gic0.gc0.count[3]_GND_172_o_add_0_OUT
_xor<1>11" (ROM) removed.
Unused block
"Inst_serial_master_fifo/serial_tx/fifo_inst/U0/xst_fifo_generator/gconvfifo.rf/
grf.rf/gntv_or_sync_fifo.gl0.wr/wpntr/Madd_gic0.gc0.count[3]_GND_172_o_add_0_OUT
_xor<2>11" (ROM) removed.

Optimized Block(s):
TYPE 		BLOCK
GND
		Inst_serial_master_fifo/serial_rx/fifo_inst/U0/xst_fifo_generator/gconvfifo.rf
/grf.rf/gntv_or_sync_fifo.mem/gbm.gbmg.gbmga.ngecc.bmg/gnativebmg.native_blk_mem
_gen/valid.cstr/XST_GND
GND 		Inst_serial_master_fifo/serial_rx/fifo_inst/XST_GND
LUT2
		Inst_serial_master_fifo/serial_tx/fifo_inst/U0/xst_fifo_generator/gconvfifo.rf
/grf.rf/gntv_or_sync_fifo.gcx.clkx/Mxor_WR_PNTR[1]_WR_PNTR[2]_XOR_2_o_xo<0>1
   optimized to 0
LUT2
		Inst_serial_master_fifo/serial_tx/fifo_inst/U0/xst_fifo_generator/gconvfifo.rf
/grf.rf/gntv_or_sync_fifo.gcx.clkx/Mxor_WR_PNTR[2]_WR_PNTR[3]_XOR_1_o_xo<0>1
   optimized to 0
FDC
		Inst_serial_master_fifo/serial_tx/fifo_inst/U0/xst_fifo_generator/gconvfifo.rf
/grf.rf/gntv_or_sync_fifo.gcx.clkx/gsync_stage[1].rd_stg_inst/Q_reg_1
   optimized to 0
FDC
		Inst_serial_master_fifo/serial_tx/fifo_inst/U0/xst_fifo_generator/gconvfifo.rf
/grf.rf/gntv_or_sync_fifo.gcx.clkx/gsync_stage[1].rd_stg_inst/Q_reg_2
   optimized to 0
FDC
		Inst_serial_master_fifo/serial_tx/fifo_inst/U0/xst_fifo_generator/gconvfifo.rf
/grf.rf/gntv_or_sync_fifo.gcx.clkx/gsync_stage[1].rd_stg_inst/Q_reg_3
   optimized to 0
FDC
		Inst_serial_master_fifo/serial_tx/fifo_inst/U0/xst_fifo_generator/gconvfifo.rf
/grf.rf/gntv_or_sync_fifo.gcx.clkx/gsync_stage[2].rd_stg_inst/Q_reg_1
   optimized to 0
FDC
		Inst_serial_master_fifo/serial_tx/fifo_inst/U0/xst_fifo_generator/gconvfifo.rf
/grf.rf/gntv_or_sync_fifo.gcx.clkx/gsync_stage[2].rd_stg_inst/Q_reg_2
   optimized to 0
FDC
		Inst_serial_master_fifo/serial_tx/fifo_inst/U0/xst_fifo_generator/gconvfifo.rf
/grf.rf/gntv_or_sync_fifo.gcx.clkx/gsync_stage[2].rd_stg_inst/Q_reg_3
   optimized to 0
FDC
		Inst_serial_master_fifo/serial_tx/fifo_inst/U0/xst_fifo_generator/gconvfifo.rf
/grf.rf/gntv_or_sync_fifo.gcx.clkx/wr_pntr_bin_1
   optimized to 0
FDC
		Inst_serial_master_fifo/serial_tx/fifo_inst/U0/xst_fifo_generator/gconvfifo.rf
/grf.rf/gntv_or_sync_fifo.gcx.clkx/wr_pntr_bin_2
   optimized to 0
FDC
		Inst_serial_master_fifo/serial_tx/fifo_inst/U0/xst_fifo_generator/gconvfifo.rf
/grf.rf/gntv_or_sync_fifo.gcx.clkx/wr_pntr_bin_3
   optimized to 0
FDC
		Inst_serial_master_fifo/serial_tx/fifo_inst/U0/xst_fifo_generator/gconvfifo.rf
/grf.rf/gntv_or_sync_fifo.gcx.clkx/wr_pntr_gc_1
   optimized to 0
FDC
		Inst_serial_master_fifo/serial_tx/fifo_inst/U0/xst_fifo_generator/gconvfifo.rf
/grf.rf/gntv_or_sync_fifo.gcx.clkx/wr_pntr_gc_2
   optimized to 0
FDC
		Inst_serial_master_fifo/serial_tx/fifo_inst/U0/xst_fifo_generator/gconvfifo.rf
/grf.rf/gntv_or_sync_fifo.gcx.clkx/wr_pntr_gc_3
   optimized to 0
LUT2
		Inst_serial_master_fifo/serial_tx/fifo_inst/U0/xst_fifo_generator/gconvfifo.rf
/grf.rf/gntv_or_sync_fifo.gcx.clkx/wr_pntr_gc_asreg_last[3]_reduce_xor_6_o1
   optimized to 0
LUT3
		Inst_serial_master_fifo/serial_tx/fifo_inst/U0/xst_fifo_generator/gconvfifo.rf
/grf.rf/gntv_or_sync_fifo.gcx.clkx/wr_pntr_gc_asreg_last[3]_reduce_xor_7_o1
   optimized to 0
LUT6
		Inst_serial_master_fifo/serial_tx/fifo_inst/U0/xst_fifo_generator/gconvfifo.rf
/grf.rf/gntv_or_sync_fifo.gl0.wr/gwas.wsts/Mmux_comp1_GND_174_o_MUX_8_o13
   optimized to 0
LUT2
		Inst_serial_master_fifo/serial_tx/fifo_inst/U0/xst_fifo_generator/gconvfifo.rf
/grf.rf/gntv_or_sync_fifo.gl0.wr/ram_wr_en_i1
   optimized to 0
LUT4
		Inst_serial_master_fifo/serial_tx/fifo_inst/U0/xst_fifo_generator/gconvfifo.rf
/grf.rf/gntv_or_sync_fifo.gl0.wr/wpntr/Madd_gic0.gc0.count[3]_GND_172_o_add_0_OU
T_xor<3>11
   optimized to 0
FDPE
		Inst_serial_master_fifo/serial_tx/fifo_inst/U0/xst_fifo_generator/gconvfifo.rf
/grf.rf/gntv_or_sync_fifo.gl0.wr/wpntr/gic0.gc0.count_1
   optimized to 1
FDCE
		Inst_serial_master_fifo/serial_tx/fifo_inst/U0/xst_fifo_generator/gconvfifo.rf
/grf.rf/gntv_or_sync_fifo.gl0.wr/wpntr/gic0.gc0.count_2
   optimized to 0
FDCE
		Inst_serial_master_fifo/serial_tx/fifo_inst/U0/xst_fifo_generator/gconvfifo.rf
/grf.rf/gntv_or_sync_fifo.gl0.wr/wpntr/gic0.gc0.count_3
   optimized to 0
FDCE
		Inst_serial_master_fifo/serial_tx/fifo_inst/U0/xst_fifo_generator/gconvfifo.rf
/grf.rf/gntv_or_sync_fifo.gl0.wr/wpntr/gic0.gc0.count_d1_1
   optimized to 0
FDCE
		Inst_serial_master_fifo/serial_tx/fifo_inst/U0/xst_fifo_generator/gconvfifo.rf
/grf.rf/gntv_or_sync_fifo.gl0.wr/wpntr/gic0.gc0.count_d1_2
   optimized to 0
FDCE
		Inst_serial_master_fifo/serial_tx/fifo_inst/U0/xst_fifo_generator/gconvfifo.rf
/grf.rf/gntv_or_sync_fifo.gl0.wr/wpntr/gic0.gc0.count_d1_3
   optimized to 0
FDCE
		Inst_serial_master_fifo/serial_tx/fifo_inst/U0/xst_fifo_generator/gconvfifo.rf
/grf.rf/gntv_or_sync_fifo.gl0.wr/wpntr/gic0.gc0.count_d2_1
   optimized to 0
FDCE
		Inst_serial_master_fifo/serial_tx/fifo_inst/U0/xst_fifo_generator/gconvfifo.rf
/grf.rf/gntv_or_sync_fifo.gl0.wr/wpntr/gic0.gc0.count_d2_2
   optimized to 0
FDCE
		Inst_serial_master_fifo/serial_tx/fifo_inst/U0/xst_fifo_generator/gconvfifo.rf
/grf.rf/gntv_or_sync_fifo.gl0.wr/wpntr/gic0.gc0.count_d2_3
   optimized to 0
GND
		Inst_serial_master_fifo/serial_tx/fifo_inst/U0/xst_fifo_generator/gconvfifo.rf
/grf.rf/gntv_or_sync_fifo.mem/gbm.gbmg.gbmga.ngecc.bmg/gnativebmg.native_blk_mem
_gen/valid.cstr/XST_GND
GND 		Inst_serial_master_fifo/serial_tx/fifo_inst/XST_GND
GND 		XST_GND

To enable printing of redundant blocks removed and signals merged, set the
detailed map report option and rerun map.

Section 6 - IOB Properties
--------------------------

+---------------------------------------------------------------------------------------------------------------------------------------------------------+
| IOB Name                           | Type             | Direction | IO Standard          | Diff  | Drive    | Slew | Reg (s)      | Resistor | IOB      |
|                                    |                  |           |                      | Term  | Strength | Rate |              |          | Delay    |
+---------------------------------------------------------------------------------------------------------------------------------------------------------+
| clk                                | IOB              | INPUT     | LVCMOS33             |       |          |      |              |          |          |
| leds<0>                            | IOB              | OUTPUT    | LVCMOS33             |       | 12       | SLOW |              |          |          |
| leds<1>                            | IOB              | OUTPUT    | LVCMOS33             |       | 12       | SLOW |              |          |          |
| leds<2>                            | IOB              | OUTPUT    | LVCMOS33             |       | 12       | SLOW |              |          |          |
| leds<3>                            | IOB              | OUTPUT    | LVCMOS33             |       | 12       | SLOW |              |          |          |
| leds<4>                            | IOB              | OUTPUT    | LVCMOS33             |       | 12       | SLOW |              |          |          |
| leds<5>                            | IOB              | OUTPUT    | LVCMOS33             |       | 12       | SLOW |              |          |          |
| leds<6>                            | IOB              | OUTPUT    | LVCMOS33             |       | 12       | SLOW |              |          |          |
| leds<7>                            | IOB              | OUTPUT    | LVCMOS33             |       | 12       | SLOW |              |          |          |
| rst                                | IOB              | INPUT     | LVCMOS33             |       |          |      |              |          |          |
| rx                                 | IOB              | INPUT     | LVCMOS33             |       |          |      |              |          |          |
| tx                                 | IOB              | OUTPUT    | LVCMOS33             |       | 12       | SLOW |              |          |          |
+---------------------------------------------------------------------------------------------------------------------------------------------------------+

Section 7 - RPMs
----------------

Section 8 - Guide Report
------------------------
Guide not run on this design.

Section 9 - Area Group and Partition Summary
--------------------------------------------

Partition Implementation Status
-------------------------------

  No Partitions were found in this design.

-------------------------------

Area Group Information
----------------------

  No area groups were found in this design.

----------------------

Section 10 - Timing Report
--------------------------
A logic-level (pre-route) timing report can be generated by using Xilinx static
timing analysis tools, Timing Analyzer (GUI) or TRCE (command line), with the
mapped NCD and PCF files. Please note that this timing report will be generated
using estimated delay information. For accurate numbers, please generate a
timing report with the post Place and Route NCD file.

For more information about the Timing Analyzer, consult the Xilinx Timing
Analyzer Reference Manual; for more information about TRCE, consult the Xilinx
Command Line Tools User Guide "TRACE" chapter.

Section 11 - Configuration String Details
-----------------------------------------
Use the "-detail" map option to print out Configuration Strings

Section 12 - Control Set Information
------------------------------------
Use the "-detail" map option to print out Control Set Information.

Section 13 - Utilization by Hierarchy
-------------------------------------
Use the "-detail" map option to print out the Utilization by Hierarchy section.
