ISim log file
Running: /home/xilinx/git/FPGA_NIGHT/final_project/mag_tb_isim_beh.exe -intstyle ise -gui -tclbatch isim.cmd -wdb /home/xilinx/git/FPGA_NIGHT/final_project/mag_tb_isim_beh.wdb 
ISim P.20131013 (signature 0xfbc00daa)
WARNING: A WEBPACK license was found.
WARNING: Please use Xilinx License Configuration Manager to check out a full ISim license.
WARNING: ISim will run in Lite mode. Please refer to the ISim documentation for more information on the differences between the Lite and the Full version.
This is a Lite version of ISim.
Time resolution is 1 ps
# onerror resume
# wave add /
# run 1000 ns
Simulator is doing circuit initialization process.
Finished circuit initialization process.
# restart
# run 1.00us
Simulator is doing circuit initialization process.
Finished circuit initialization process.
ISim P.20131013 (signature 0xfbc00daa)
WARNING: A WEBPACK license was found.
WARNING: Please use Xilinx License Configuration Manager to check out a full ISim license.
WARNING: ISim will run in Lite mode. Please refer to the ISim documentation for more information on the differences between the Lite and the Full version.
This is a Lite version of ISim.
# run 1000 ns
Simulator is doing circuit initialization process.
Finished circuit initialization process.
ISim P.20131013 (signature 0xfbc00daa)
WARNING: A WEBPACK license was found.
WARNING: Please use Xilinx License Configuration Manager to check out a full ISim license.
WARNING: ISim will run in Lite mode. Please refer to the ISim documentation for more information on the differences between the Lite and the Full version.
This is a Lite version of ISim.
# run 1000 ns
Simulator is doing circuit initialization process.
Finished circuit initialization process.
ISim P.20131013 (signature 0xfbc00daa)
WARNING: A WEBPACK license was found.
WARNING: Please use Xilinx License Configuration Manager to check out a full ISim license.
WARNING: ISim will run in Lite mode. Please refer to the ISim documentation for more information on the differences between the Lite and the Full version.
This is a Lite version of ISim.
# run 1000 ns
Simulator is doing circuit initialization process.
Finished circuit initialization process.
at 215 ns(2): Error: Assertion violation
at 225 ns: Error: Assertion violation
ISim P.20131013 (signature 0xfbc00daa)
WARNING: A WEBPACK license was found.
WARNING: Please use Xilinx License Configuration Manager to check out a full ISim license.
WARNING: ISim will run in Lite mode. Please refer to the ISim documentation for more information on the differences between the Lite and the Full version.
This is a Lite version of ISim.
# run 1000 ns
Simulator is doing circuit initialization process.
Finished circuit initialization process.
at 215 ns(2): Error: Assertion violation
at 225 ns: Error: Assertion violation
ISim P.20131013 (signature 0xfbc00daa)
WARNING: A WEBPACK license was found.
WARNING: Please use Xilinx License Configuration Manager to check out a full ISim license.
WARNING: ISim will run in Lite mode. Please refer to the ISim documentation for more information on the differences between the Lite and the Full version.
This is a Lite version of ISim.
# run 1000 ns
Simulator is doing circuit initialization process.
Finished circuit initialization process.
at 215 ns(2): Error: Assertion violation
at 225 ns: Error: Assertion violation
# exit 0
